{"/home/maomao/Desktop/Coding/1_NewSteps/tech_assessment/solo_assessment/app.js": {"path":"/home/maomao/Desktop/Coding/1_NewSteps/tech_assessment/solo_assessment/app.js","statementMap":{"0":{"start":{"line":3,"column":0},"end":{"line":5,"column":3}},"1":{"start":{"line":6,"column":16},"end":{"line":6,"column":34}},"2":{"start":{"line":7,"column":12},"end":{"line":7,"column":21}},"3":{"start":{"line":8,"column":11},"end":{"line":8,"column":24}},"4":{"start":{"line":9,"column":13},"end":{"line":9,"column":28}},"5":{"start":{"line":10,"column":22},"end":{"line":10,"column":55}},"6":{"start":{"line":11,"column":12},"end":{"line":11,"column":32}},"7":{"start":{"line":12,"column":18},"end":{"line":12,"column":47}},"8":{"start":{"line":13,"column":12},"end":{"line":13,"column":26}},"9":{"start":{"line":14,"column":15},"end":{"line":14,"column":32}},"10":{"start":{"line":15,"column":13},"end":{"line":15,"column":28}},"11":{"start":{"line":16,"column":15},"end":{"line":16,"column":32}},"12":{"start":{"line":19,"column":0},"end":{"line":19,"column":16}},"13":{"start":{"line":22,"column":0},"end":{"line":22,"column":25}},"14":{"start":{"line":25,"column":0},"end":{"line":25,"column":15}},"15":{"start":{"line":28,"column":16},"end":{"line":31,"column":2}},"16":{"start":{"line":33,"column":0},"end":{"line":33,"column":17}},"17":{"start":{"line":36,"column":0},"end":{"line":40,"column":2}},"18":{"start":{"line":42,"column":0},"end":{"line":55,"column":1}},"19":{"start":{"line":43,"column":2},"end":{"line":43,"column":25}},"20":{"start":{"line":46,"column":24},"end":{"line":51,"column":3}},"21":{"start":{"line":54,"column":2},"end":{"line":54,"column":59}},"22":{"start":{"line":58,"column":19},"end":{"line":58,"column":44}},"23":{"start":{"line":62,"column":21},"end":{"line":62,"column":71}},"24":{"start":{"line":66,"column":0},"end":{"line":66,"column":24}},"25":{"start":{"line":67,"column":0},"end":{"line":67,"column":48}},"26":{"start":{"line":70,"column":0},"end":{"line":70,"column":15}},"27":{"start":{"line":74,"column":0},"end":{"line":74,"column":30}},"28":{"start":{"line":76,"column":0},"end":{"line":85,"column":3}},"29":{"start":{"line":77,"column":2},"end":{"line":84,"column":3}},"30":{"start":{"line":78,"column":4},"end":{"line":81,"column":7}},"31":{"start":{"line":83,"column":4},"end":{"line":83,"column":16}},"32":{"start":{"line":89,"column":0},"end":{"line":89,"column":22}},"33":{"start":{"line":93,"column":0},"end":{"line":96,"column":1}},"34":{"start":{"line":94,"column":15},"end":{"line":94,"column":39}},"35":{"start":{"line":95,"column":2},"end":{"line":95,"column":59}},"36":{"start":{"line":95,"column":25},"end":{"line":95,"column":57}},"37":{"start":{"line":98,"column":0},"end":{"line":98,"column":21}}},"fnMap":{"0":{"name":"(anonymous_0)","decl":{"start":{"line":76,"column":13},"end":{"line":76,"column":14}},"loc":{"start":{"line":76,"column":39},"end":{"line":85,"column":1}},"line":76},"1":{"name":"(anonymous_1)","decl":{"start":{"line":95,"column":19},"end":{"line":95,"column":20}},"loc":{"start":{"line":95,"column":25},"end":{"line":95,"column":57}},"line":95}},"branchMap":{"0":{"loc":{"start":{"line":42,"column":0},"end":{"line":55,"column":1}},"type":"if","locations":[{"start":{"line":42,"column":0},"end":{"line":55,"column":1}},{"start":{"line":42,"column":0},"end":{"line":55,"column":1}}],"line":42},"1":{"loc":{"start":{"line":42,"column":4},"end":{"line":42,"column":77}},"type":"binary-expr","locations":[{"start":{"line":42,"column":4},"end":{"line":42,"column":42}},{"start":{"line":42,"column":46},"end":{"line":42,"column":77}}],"line":42},"2":{"loc":{"start":{"line":93,"column":0},"end":{"line":96,"column":1}},"type":"if","locations":[{"start":{"line":93,"column":0},"end":{"line":96,"column":1}},{"start":{"line":93,"column":0},"end":{"line":96,"column":1}}],"line":93},"3":{"loc":{"start":{"line":94,"column":15},"end":{"line":94,"column":39}},"type":"binary-expr","locations":[{"start":{"line":94,"column":15},"end":{"line":94,"column":31}},{"start":{"line":94,"column":35},"end":{"line":94,"column":39}}],"line":94}},"s":{"0":1,"1":1,"2":1,"3":1,"4":1,"5":1,"6":1,"7":1,"8":1,"9":1,"10":1,"11":1,"12":1,"13":1,"14":1,"15":1,"16":1,"17":1,"18":1,"19":1,"20":0,"21":0,"22":1,"23":1,"24":1,"25":1,"26":1,"27":1,"28":1,"29":1,"30":1,"31":0,"32":1,"33":1,"34":0,"35":0,"36":0,"37":1},"f":{"0":1,"1":0},"b":{"0":[1,0],"1":[1,1],"2":[0,1],"3":[0,0]},"_coverageSchema":"1a1c01bbd47fc00a2c39e90264f33305004495a9","hash":"692461d670dad764c99b1450e30125621bfa6dae"}
,"/home/maomao/Desktop/Coding/1_NewSteps/tech_assessment/solo_assessment/controllers/history.js": {"path":"/home/maomao/Desktop/Coding/1_NewSteps/tech_assessment/solo_assessment/controllers/history.js","statementMap":{"0":{"start":{"line":1,"column":20},"end":{"line":1,"column":40}},"1":{"start":{"line":5,"column":4},"end":{"line":44,"column":5}},"2":{"start":{"line":7,"column":22},"end":{"line":7,"column":65}},"3":{"start":{"line":8,"column":22},"end":{"line":8,"column":65}},"4":{"start":{"line":10,"column":20},"end":{"line":15,"column":7}},"5":{"start":{"line":18,"column":6},"end":{"line":18,"column":52}},"6":{"start":{"line":18,"column":25},"end":{"line":18,"column":52}},"7":{"start":{"line":21,"column":24},"end":{"line":21,"column":56}},"8":{"start":{"line":22,"column":22},"end":{"line":22,"column":49}},"9":{"start":{"line":25,"column":19},"end":{"line":25,"column":33}},"10":{"start":{"line":26,"column":20},"end":{"line":26,"column":50}},"11":{"start":{"line":27,"column":24},"end":{"line":27,"column":57}},"12":{"start":{"line":29,"column":19},"end":{"line":33,"column":38}},"13":{"start":{"line":35,"column":20},"end":{"line":35,"column":46}},"14":{"start":{"line":37,"column":6},"end":{"line":39,"column":7}},"15":{"start":{"line":38,"column":8},"end":{"line":38,"column":73}},"16":{"start":{"line":41,"column":6},"end":{"line":41,"column":44}},"17":{"start":{"line":43,"column":6},"end":{"line":43,"column":18}},"18":{"start":{"line":48,"column":0},"end":{"line":48,"column":41}}},"fnMap":{"0":{"name":"(anonymous_0)","decl":{"start":{"line":4,"column":2},"end":{"line":4,"column":3}},"loc":{"start":{"line":4,"column":37},"end":{"line":45,"column":3}},"line":4}},"branchMap":{"0":{"loc":{"start":{"line":7,"column":22},"end":{"line":7,"column":65}},"type":"binary-expr","locations":[{"start":{"line":7,"column":22},"end":{"line":7,"column":39}},{"start":{"line":7,"column":43},"end":{"line":7,"column":65}}],"line":7},"1":{"loc":{"start":{"line":8,"column":22},"end":{"line":8,"column":65}},"type":"binary-expr","locations":[{"start":{"line":8,"column":22},"end":{"line":8,"column":39}},{"start":{"line":8,"column":43},"end":{"line":8,"column":65}}],"line":8},"2":{"loc":{"start":{"line":18,"column":6},"end":{"line":18,"column":52}},"type":"if","locations":[{"start":{"line":18,"column":6},"end":{"line":18,"column":52}},{"start":{"line":18,"column":6},"end":{"line":18,"column":52}}],"line":18},"3":{"loc":{"start":{"line":21,"column":24},"end":{"line":21,"column":56}},"type":"binary-expr","locations":[{"start":{"line":21,"column":24},"end":{"line":21,"column":40}},{"start":{"line":21,"column":44},"end":{"line":21,"column":56}}],"line":21},"4":{"loc":{"start":{"line":22,"column":22},"end":{"line":22,"column":49}},"type":"binary-expr","locations":[{"start":{"line":22,"column":22},"end":{"line":22,"column":39}},{"start":{"line":22,"column":43},"end":{"line":22,"column":49}}],"line":22},"5":{"loc":{"start":{"line":26,"column":20},"end":{"line":26,"column":50}},"type":"binary-expr","locations":[{"start":{"line":26,"column":20},"end":{"line":26,"column":45}},{"start":{"line":26,"column":49},"end":{"line":26,"column":50}}],"line":26},"6":{"loc":{"start":{"line":27,"column":24},"end":{"line":27,"column":57}},"type":"cond-expr","locations":[{"start":{"line":27,"column":35},"end":{"line":27,"column":53}},{"start":{"line":27,"column":56},"end":{"line":27,"column":57}}],"line":27},"7":{"loc":{"start":{"line":37,"column":6},"end":{"line":39,"column":7}},"type":"if","locations":[{"start":{"line":37,"column":6},"end":{"line":39,"column":7}},{"start":{"line":37,"column":6},"end":{"line":39,"column":7}}],"line":37}},"s":{"0":1,"1":4,"2":4,"3":4,"4":4,"5":4,"6":1,"7":4,"8":4,"9":4,"10":4,"11":4,"12":4,"13":4,"14":4,"15":1,"16":3,"17":0,"18":1},"f":{"0":4},"b":{"0":[4,4],"1":[4,4],"2":[1,3],"3":[4,3],"4":[4,4],"5":[4,2],"6":[2,2],"7":[1,3]},"_coverageSchema":"1a1c01bbd47fc00a2c39e90264f33305004495a9","hash":"bb0eb0d5ed47ad0e8b1e334e6d48b751309a8508"}
,"/home/maomao/Desktop/Coding/1_NewSteps/tech_assessment/solo_assessment/controllers/items.js": {"path":"/home/maomao/Desktop/Coding/1_NewSteps/tech_assessment/solo_assessment/controllers/items.js","statementMap":{"0":{"start":{"line":1,"column":17},"end":{"line":1,"column":37}},"1":{"start":{"line":5,"column":4},"end":{"line":46,"column":5}},"2":{"start":{"line":7,"column":23},"end":{"line":7,"column":56}},"3":{"start":{"line":8,"column":23},"end":{"line":8,"column":65}},"4":{"start":{"line":11,"column":23},"end":{"line":11,"column":56}},"5":{"start":{"line":12,"column":23},"end":{"line":12,"column":61}},"6":{"start":{"line":14,"column":20},"end":{"line":17,"column":7}},"7":{"start":{"line":20,"column":6},"end":{"line":20,"column":66}},"8":{"start":{"line":20,"column":30},"end":{"line":20,"column":66}},"9":{"start":{"line":23,"column":24},"end":{"line":23,"column":56}},"10":{"start":{"line":24,"column":22},"end":{"line":24,"column":49}},"11":{"start":{"line":27,"column":19},"end":{"line":27,"column":33}},"12":{"start":{"line":28,"column":20},"end":{"line":28,"column":50}},"13":{"start":{"line":29,"column":24},"end":{"line":29,"column":57}},"14":{"start":{"line":32,"column":19},"end":{"line":35,"column":24}},"15":{"start":{"line":37,"column":20},"end":{"line":37,"column":43}},"16":{"start":{"line":39,"column":6},"end":{"line":41,"column":7}},"17":{"start":{"line":40,"column":8},"end":{"line":40,"column":68}},"18":{"start":{"line":43,"column":6},"end":{"line":43,"column":44}},"19":{"start":{"line":45,"column":6},"end":{"line":45,"column":18}},"20":{"start":{"line":50,"column":4},"end":{"line":60,"column":5}},"21":{"start":{"line":51,"column":19},"end":{"line":51,"column":61}},"22":{"start":{"line":53,"column":6},"end":{"line":55,"column":7}},"23":{"start":{"line":54,"column":8},"end":{"line":54,"column":68}},"24":{"start":{"line":57,"column":6},"end":{"line":57,"column":37}},"25":{"start":{"line":59,"column":6},"end":{"line":59,"column":18}},"26":{"start":{"line":64,"column":4},"end":{"line":74,"column":5}},"27":{"start":{"line":65,"column":19},"end":{"line":65,"column":46}},"28":{"start":{"line":67,"column":23},"end":{"line":69,"column":8}},"29":{"start":{"line":71,"column":6},"end":{"line":71,"column":37}},"30":{"start":{"line":73,"column":6},"end":{"line":73,"column":18}},"31":{"start":{"line":78,"column":4},"end":{"line":88,"column":5}},"32":{"start":{"line":79,"column":19},"end":{"line":83,"column":7}},"33":{"start":{"line":85,"column":6},"end":{"line":85,"column":37}},"34":{"start":{"line":87,"column":6},"end":{"line":87,"column":18}},"35":{"start":{"line":92,"column":4},"end":{"line":100,"column":22}},"36":{"start":{"line":93,"column":19},"end":{"line":97,"column":7}},"37":{"start":{"line":99,"column":6},"end":{"line":99,"column":37}},"38":{"start":{"line":104,"column":4},"end":{"line":114,"column":5}},"39":{"start":{"line":105,"column":19},"end":{"line":105,"column":70}},"40":{"start":{"line":107,"column":6},"end":{"line":109,"column":7}},"41":{"start":{"line":108,"column":8},"end":{"line":108,"column":68}},"42":{"start":{"line":111,"column":6},"end":{"line":111,"column":69}},"43":{"start":{"line":113,"column":6},"end":{"line":113,"column":18}},"44":{"start":{"line":118,"column":0},"end":{"line":118,"column":38}}},"fnMap":{"0":{"name":"(anonymous_0)","decl":{"start":{"line":4,"column":2},"end":{"line":4,"column":3}},"loc":{"start":{"line":4,"column":33},"end":{"line":47,"column":3}},"line":4},"1":{"name":"(anonymous_1)","decl":{"start":{"line":49,"column":2},"end":{"line":49,"column":3}},"loc":{"start":{"line":49,"column":35},"end":{"line":61,"column":3}},"line":49},"2":{"name":"(anonymous_2)","decl":{"start":{"line":63,"column":2},"end":{"line":63,"column":3}},"loc":{"start":{"line":63,"column":35},"end":{"line":75,"column":3}},"line":63},"3":{"name":"(anonymous_3)","decl":{"start":{"line":77,"column":2},"end":{"line":77,"column":3}},"loc":{"start":{"line":77,"column":35},"end":{"line":89,"column":3}},"line":77},"4":{"name":"(anonymous_4)","decl":{"start":{"line":91,"column":2},"end":{"line":91,"column":3}},"loc":{"start":{"line":91,"column":36},"end":{"line":101,"column":3}},"line":91},"5":{"name":"(anonymous_5)","decl":{"start":{"line":103,"column":2},"end":{"line":103,"column":3}},"loc":{"start":{"line":103,"column":35},"end":{"line":115,"column":3}},"line":103}},"branchMap":{"0":{"loc":{"start":{"line":7,"column":23},"end":{"line":7,"column":56}},"type":"binary-expr","locations":[{"start":{"line":7,"column":23},"end":{"line":7,"column":51}},{"start":{"line":7,"column":55},"end":{"line":7,"column":56}}],"line":7},"1":{"loc":{"start":{"line":8,"column":23},"end":{"line":8,"column":65}},"type":"binary-expr","locations":[{"start":{"line":8,"column":23},"end":{"line":8,"column":51}},{"start":{"line":8,"column":55},"end":{"line":8,"column":65}}],"line":8},"2":{"loc":{"start":{"line":11,"column":23},"end":{"line":11,"column":56}},"type":"binary-expr","locations":[{"start":{"line":11,"column":23},"end":{"line":11,"column":51}},{"start":{"line":11,"column":55},"end":{"line":11,"column":56}}],"line":11},"3":{"loc":{"start":{"line":12,"column":23},"end":{"line":12,"column":61}},"type":"binary-expr","locations":[{"start":{"line":12,"column":23},"end":{"line":12,"column":51}},{"start":{"line":12,"column":55},"end":{"line":12,"column":61}}],"line":12},"4":{"loc":{"start":{"line":20,"column":6},"end":{"line":20,"column":66}},"type":"if","locations":[{"start":{"line":20,"column":6},"end":{"line":20,"column":66}},{"start":{"line":20,"column":6},"end":{"line":20,"column":66}}],"line":20},"5":{"loc":{"start":{"line":23,"column":24},"end":{"line":23,"column":56}},"type":"binary-expr","locations":[{"start":{"line":23,"column":24},"end":{"line":23,"column":40}},{"start":{"line":23,"column":44},"end":{"line":23,"column":56}}],"line":23},"6":{"loc":{"start":{"line":24,"column":22},"end":{"line":24,"column":49}},"type":"binary-expr","locations":[{"start":{"line":24,"column":22},"end":{"line":24,"column":39}},{"start":{"line":24,"column":43},"end":{"line":24,"column":49}}],"line":24},"7":{"loc":{"start":{"line":28,"column":20},"end":{"line":28,"column":50}},"type":"binary-expr","locations":[{"start":{"line":28,"column":20},"end":{"line":28,"column":45}},{"start":{"line":28,"column":49},"end":{"line":28,"column":50}}],"line":28},"8":{"loc":{"start":{"line":29,"column":24},"end":{"line":29,"column":57}},"type":"cond-expr","locations":[{"start":{"line":29,"column":35},"end":{"line":29,"column":53}},{"start":{"line":29,"column":56},"end":{"line":29,"column":57}}],"line":29},"9":{"loc":{"start":{"line":39,"column":6},"end":{"line":41,"column":7}},"type":"if","locations":[{"start":{"line":39,"column":6},"end":{"line":41,"column":7}},{"start":{"line":39,"column":6},"end":{"line":41,"column":7}}],"line":39},"10":{"loc":{"start":{"line":53,"column":6},"end":{"line":55,"column":7}},"type":"if","locations":[{"start":{"line":53,"column":6},"end":{"line":55,"column":7}},{"start":{"line":53,"column":6},"end":{"line":55,"column":7}}],"line":53},"11":{"loc":{"start":{"line":107,"column":6},"end":{"line":109,"column":7}},"type":"if","locations":[{"start":{"line":107,"column":6},"end":{"line":109,"column":7}},{"start":{"line":107,"column":6},"end":{"line":109,"column":7}}],"line":107}},"s":{"0":1,"1":3,"2":3,"3":3,"4":3,"5":3,"6":3,"7":3,"8":2,"9":3,"10":3,"11":3,"12":3,"13":3,"14":3,"15":3,"16":3,"17":1,"18":2,"19":0,"20":2,"21":2,"22":2,"23":1,"24":1,"25":0,"26":1,"27":1,"28":1,"29":1,"30":0,"31":1,"32":1,"33":1,"34":0,"35":1,"36":1,"37":1,"38":2,"39":2,"40":2,"41":1,"42":1,"43":0,"44":1},"f":{"0":3,"1":2,"2":1,"3":1,"4":1,"5":2},"b":{"0":[3,1],"1":[3,1],"2":[3,1],"3":[3,1],"4":[2,1],"5":[3,1],"6":[3,1],"7":[3,1],"8":[2,1],"9":[1,2],"10":[1,1],"11":[1,1]},"_coverageSchema":"1a1c01bbd47fc00a2c39e90264f33305004495a9","hash":"a40015c48735cf9d5bf9a721c29c268bd13306be"}
,"/home/maomao/Desktop/Coding/1_NewSteps/tech_assessment/solo_assessment/middlewares/errorHandler/errorHandler.js": {"path":"/home/maomao/Desktop/Coding/1_NewSteps/tech_assessment/solo_assessment/middlewares/errorHandler/errorHandler.js","statementMap":{"0":{"start":{"line":1,"column":0},"end":{"line":5,"column":2}},"1":{"start":{"line":2,"column":2},"end":{"line":4,"column":5}}},"fnMap":{"0":{"name":"(anonymous_0)","decl":{"start":{"line":1,"column":17},"end":{"line":1,"column":18}},"loc":{"start":{"line":1,"column":42},"end":{"line":5,"column":1}},"line":1}},"branchMap":{"0":{"loc":{"start":{"line":2,"column":13},"end":{"line":2,"column":34}},"type":"binary-expr","locations":[{"start":{"line":2,"column":13},"end":{"line":2,"column":27}},{"start":{"line":2,"column":31},"end":{"line":2,"column":34}}],"line":2},"1":{"loc":{"start":{"line":3,"column":12},"end":{"line":3,"column":41}},"type":"binary-expr","locations":[{"start":{"line":3,"column":12},"end":{"line":3,"column":24}},{"start":{"line":3,"column":28},"end":{"line":3,"column":41}}],"line":3}},"s":{"0":1,"1":12},"f":{"0":12},"b":{"0":[12,0],"1":[12,8]},"_coverageSchema":"1a1c01bbd47fc00a2c39e90264f33305004495a9","hash":"8d26cbceac2f9cf8f77e452c577e45d4211fa2fe"}
,"/home/maomao/Desktop/Coding/1_NewSteps/tech_assessment/solo_assessment/middlewares/validators/items.js": {"path":"/home/maomao/Desktop/Coding/1_NewSteps/tech_assessment/solo_assessment/middlewares/validators/items.js","statementMap":{"0":{"start":{"line":1,"column":17},"end":{"line":1,"column":40}},"1":{"start":{"line":2,"column":21},"end":{"line":2,"column":62}},"2":{"start":{"line":3,"column":17},"end":{"line":3,"column":36}},"3":{"start":{"line":4,"column":18},"end":{"line":4,"column":38}},"4":{"start":{"line":8,"column":4},"end":{"line":53,"column":5}},"5":{"start":{"line":11,"column":6},"end":{"line":11,"column":42}},"6":{"start":{"line":12,"column":6},"end":{"line":12,"column":44}},"7":{"start":{"line":13,"column":6},"end":{"line":13,"column":44}},"8":{"start":{"line":14,"column":6},"end":{"line":14,"column":50}},"9":{"start":{"line":16,"column":28},"end":{"line":16,"column":30}},"10":{"start":{"line":18,"column":6},"end":{"line":20,"column":7}},"11":{"start":{"line":19,"column":8},"end":{"line":19,"column":79}},"12":{"start":{"line":22,"column":6},"end":{"line":28,"column":7}},"13":{"start":{"line":27,"column":8},"end":{"line":27,"column":80}},"14":{"start":{"line":30,"column":6},"end":{"line":32,"column":7}},"15":{"start":{"line":31,"column":8},"end":{"line":31,"column":68}},"16":{"start":{"line":34,"column":6},"end":{"line":36,"column":7}},"17":{"start":{"line":35,"column":8},"end":{"line":35,"column":68}},"18":{"start":{"line":38,"column":6},"end":{"line":40,"column":7}},"19":{"start":{"line":39,"column":8},"end":{"line":39,"column":52}},"20":{"start":{"line":45,"column":6},"end":{"line":45,"column":46}},"21":{"start":{"line":47,"column":6},"end":{"line":49,"column":7}},"22":{"start":{"line":48,"column":8},"end":{"line":48,"column":66}},"23":{"start":{"line":50,"column":6},"end":{"line":50,"column":13}},"24":{"start":{"line":52,"column":6},"end":{"line":52,"column":18}},"25":{"start":{"line":57,"column":4},"end":{"line":65,"column":5}},"26":{"start":{"line":58,"column":6},"end":{"line":60,"column":7}},"27":{"start":{"line":59,"column":8},"end":{"line":59,"column":69}},"28":{"start":{"line":62,"column":6},"end":{"line":62,"column":13}},"29":{"start":{"line":64,"column":6},"end":{"line":64,"column":18}},"30":{"start":{"line":69,"column":4},"end":{"line":111,"column":5}},"31":{"start":{"line":70,"column":23},"end":{"line":70,"column":65}},"32":{"start":{"line":71,"column":6},"end":{"line":73,"column":7}},"33":{"start":{"line":72,"column":8},"end":{"line":72,"column":68}},"34":{"start":{"line":74,"column":6},"end":{"line":74,"column":53}},"35":{"start":{"line":75,"column":6},"end":{"line":75,"column":56}},"36":{"start":{"line":76,"column":6},"end":{"line":76,"column":56}},"37":{"start":{"line":77,"column":6},"end":{"line":77,"column":65}},"38":{"start":{"line":79,"column":28},"end":{"line":79,"column":30}},"39":{"start":{"line":81,"column":6},"end":{"line":83,"column":7}},"40":{"start":{"line":82,"column":8},"end":{"line":82,"column":79}},"41":{"start":{"line":85,"column":6},"end":{"line":91,"column":7}},"42":{"start":{"line":90,"column":8},"end":{"line":90,"column":80}},"43":{"start":{"line":93,"column":6},"end":{"line":95,"column":7}},"44":{"start":{"line":94,"column":8},"end":{"line":94,"column":68}},"45":{"start":{"line":97,"column":6},"end":{"line":99,"column":7}},"46":{"start":{"line":98,"column":8},"end":{"line":98,"column":68}},"47":{"start":{"line":101,"column":6},"end":{"line":103,"column":7}},"48":{"start":{"line":102,"column":8},"end":{"line":102,"column":52}},"49":{"start":{"line":105,"column":6},"end":{"line":107,"column":7}},"50":{"start":{"line":106,"column":8},"end":{"line":106,"column":66}},"51":{"start":{"line":108,"column":6},"end":{"line":108,"column":13}},"52":{"start":{"line":110,"column":6},"end":{"line":110,"column":18}},"53":{"start":{"line":115,"column":4},"end":{"line":143,"column":5}},"54":{"start":{"line":116,"column":6},"end":{"line":116,"column":43}},"55":{"start":{"line":118,"column":28},"end":{"line":118,"column":30}},"56":{"start":{"line":120,"column":6},"end":{"line":122,"column":7}},"57":{"start":{"line":121,"column":8},"end":{"line":121,"column":54}},"58":{"start":{"line":124,"column":23},"end":{"line":124,"column":65}},"59":{"start":{"line":125,"column":6},"end":{"line":127,"column":7}},"60":{"start":{"line":126,"column":8},"end":{"line":126,"column":68}},"61":{"start":{"line":129,"column":6},"end":{"line":129,"column":75}},"62":{"start":{"line":132,"column":6},"end":{"line":134,"column":7}},"63":{"start":{"line":133,"column":8},"end":{"line":133,"column":48}},"64":{"start":{"line":136,"column":6},"end":{"line":138,"column":7}},"65":{"start":{"line":137,"column":8},"end":{"line":137,"column":66}},"66":{"start":{"line":140,"column":6},"end":{"line":140,"column":13}},"67":{"start":{"line":142,"column":6},"end":{"line":142,"column":18}},"68":{"start":{"line":147,"column":0},"end":{"line":147,"column":37}}},"fnMap":{"0":{"name":"(anonymous_0)","decl":{"start":{"line":7,"column":2},"end":{"line":7,"column":3}},"loc":{"start":{"line":7,"column":31},"end":{"line":54,"column":3}},"line":7},"1":{"name":"(anonymous_1)","decl":{"start":{"line":56,"column":2},"end":{"line":56,"column":3}},"loc":{"start":{"line":56,"column":28},"end":{"line":66,"column":3}},"line":56},"2":{"name":"(anonymous_2)","decl":{"start":{"line":68,"column":2},"end":{"line":68,"column":3}},"loc":{"start":{"line":68,"column":31},"end":{"line":112,"column":3}},"line":68},"3":{"name":"(anonymous_3)","decl":{"start":{"line":114,"column":2},"end":{"line":114,"column":3}},"loc":{"start":{"line":114,"column":36},"end":{"line":144,"column":3}},"line":114}},"branchMap":{"0":{"loc":{"start":{"line":11,"column":22},"end":{"line":11,"column":41}},"type":"binary-expr","locations":[{"start":{"line":11,"column":22},"end":{"line":11,"column":35}},{"start":{"line":11,"column":39},"end":{"line":11,"column":41}}],"line":11},"1":{"loc":{"start":{"line":12,"column":23},"end":{"line":12,"column":43}},"type":"binary-expr","locations":[{"start":{"line":12,"column":23},"end":{"line":12,"column":37}},{"start":{"line":12,"column":41},"end":{"line":12,"column":43}}],"line":12},"2":{"loc":{"start":{"line":13,"column":23},"end":{"line":13,"column":43}},"type":"binary-expr","locations":[{"start":{"line":13,"column":23},"end":{"line":13,"column":37}},{"start":{"line":13,"column":41},"end":{"line":13,"column":43}}],"line":13},"3":{"loc":{"start":{"line":14,"column":26},"end":{"line":14,"column":49}},"type":"binary-expr","locations":[{"start":{"line":14,"column":26},"end":{"line":14,"column":43}},{"start":{"line":14,"column":47},"end":{"line":14,"column":49}}],"line":14},"4":{"loc":{"start":{"line":18,"column":6},"end":{"line":20,"column":7}},"type":"if","locations":[{"start":{"line":18,"column":6},"end":{"line":20,"column":7}},{"start":{"line":18,"column":6},"end":{"line":20,"column":7}}],"line":18},"5":{"loc":{"start":{"line":22,"column":6},"end":{"line":28,"column":7}},"type":"if","locations":[{"start":{"line":22,"column":6},"end":{"line":28,"column":7}},{"start":{"line":22,"column":6},"end":{"line":28,"column":7}}],"line":22},"6":{"loc":{"start":{"line":30,"column":6},"end":{"line":32,"column":7}},"type":"if","locations":[{"start":{"line":30,"column":6},"end":{"line":32,"column":7}},{"start":{"line":30,"column":6},"end":{"line":32,"column":7}}],"line":30},"7":{"loc":{"start":{"line":34,"column":6},"end":{"line":36,"column":7}},"type":"if","locations":[{"start":{"line":34,"column":6},"end":{"line":36,"column":7}},{"start":{"line":34,"column":6},"end":{"line":36,"column":7}}],"line":34},"8":{"loc":{"start":{"line":38,"column":6},"end":{"line":40,"column":7}},"type":"if","locations":[{"start":{"line":38,"column":6},"end":{"line":40,"column":7}},{"start":{"line":38,"column":6},"end":{"line":40,"column":7}}],"line":38},"9":{"loc":{"start":{"line":47,"column":6},"end":{"line":49,"column":7}},"type":"if","locations":[{"start":{"line":47,"column":6},"end":{"line":49,"column":7}},{"start":{"line":47,"column":6},"end":{"line":49,"column":7}}],"line":47},"10":{"loc":{"start":{"line":58,"column":6},"end":{"line":60,"column":7}},"type":"if","locations":[{"start":{"line":58,"column":6},"end":{"line":60,"column":7}},{"start":{"line":58,"column":6},"end":{"line":60,"column":7}}],"line":58},"11":{"loc":{"start":{"line":71,"column":6},"end":{"line":73,"column":7}},"type":"if","locations":[{"start":{"line":71,"column":6},"end":{"line":73,"column":7}},{"start":{"line":71,"column":6},"end":{"line":73,"column":7}}],"line":71},"12":{"loc":{"start":{"line":74,"column":22},"end":{"line":74,"column":52}},"type":"binary-expr","locations":[{"start":{"line":74,"column":22},"end":{"line":74,"column":35}},{"start":{"line":74,"column":39},"end":{"line":74,"column":52}}],"line":74},"13":{"loc":{"start":{"line":75,"column":23},"end":{"line":75,"column":55}},"type":"binary-expr","locations":[{"start":{"line":75,"column":23},"end":{"line":75,"column":37}},{"start":{"line":75,"column":41},"end":{"line":75,"column":55}}],"line":75},"14":{"loc":{"start":{"line":76,"column":23},"end":{"line":76,"column":55}},"type":"binary-expr","locations":[{"start":{"line":76,"column":23},"end":{"line":76,"column":37}},{"start":{"line":76,"column":41},"end":{"line":76,"column":55}}],"line":76},"15":{"loc":{"start":{"line":77,"column":26},"end":{"line":77,"column":64}},"type":"binary-expr","locations":[{"start":{"line":77,"column":26},"end":{"line":77,"column":43}},{"start":{"line":77,"column":47},"end":{"line":77,"column":64}}],"line":77},"16":{"loc":{"start":{"line":81,"column":6},"end":{"line":83,"column":7}},"type":"if","locations":[{"start":{"line":81,"column":6},"end":{"line":83,"column":7}},{"start":{"line":81,"column":6},"end":{"line":83,"column":7}}],"line":81},"17":{"loc":{"start":{"line":85,"column":6},"end":{"line":91,"column":7}},"type":"if","locations":[{"start":{"line":85,"column":6},"end":{"line":91,"column":7}},{"start":{"line":85,"column":6},"end":{"line":91,"column":7}}],"line":85},"18":{"loc":{"start":{"line":93,"column":6},"end":{"line":95,"column":7}},"type":"if","locations":[{"start":{"line":93,"column":6},"end":{"line":95,"column":7}},{"start":{"line":93,"column":6},"end":{"line":95,"column":7}}],"line":93},"19":{"loc":{"start":{"line":97,"column":6},"end":{"line":99,"column":7}},"type":"if","locations":[{"start":{"line":97,"column":6},"end":{"line":99,"column":7}},{"start":{"line":97,"column":6},"end":{"line":99,"column":7}}],"line":97},"20":{"loc":{"start":{"line":101,"column":6},"end":{"line":103,"column":7}},"type":"if","locations":[{"start":{"line":101,"column":6},"end":{"line":103,"column":7}},{"start":{"line":101,"column":6},"end":{"line":103,"column":7}}],"line":101},"21":{"loc":{"start":{"line":105,"column":6},"end":{"line":107,"column":7}},"type":"if","locations":[{"start":{"line":105,"column":6},"end":{"line":107,"column":7}},{"start":{"line":105,"column":6},"end":{"line":107,"column":7}}],"line":105},"22":{"loc":{"start":{"line":116,"column":23},"end":{"line":116,"column":42}},"type":"binary-expr","locations":[{"start":{"line":116,"column":23},"end":{"line":116,"column":37}},{"start":{"line":116,"column":41},"end":{"line":116,"column":42}}],"line":116},"23":{"loc":{"start":{"line":120,"column":6},"end":{"line":122,"column":7}},"type":"if","locations":[{"start":{"line":120,"column":6},"end":{"line":122,"column":7}},{"start":{"line":120,"column":6},"end":{"line":122,"column":7}}],"line":120},"24":{"loc":{"start":{"line":125,"column":6},"end":{"line":127,"column":7}},"type":"if","locations":[{"start":{"line":125,"column":6},"end":{"line":127,"column":7}},{"start":{"line":125,"column":6},"end":{"line":127,"column":7}}],"line":125},"25":{"loc":{"start":{"line":132,"column":6},"end":{"line":134,"column":7}},"type":"if","locations":[{"start":{"line":132,"column":6},"end":{"line":134,"column":7}},{"start":{"line":132,"column":6},"end":{"line":134,"column":7}}],"line":132},"26":{"loc":{"start":{"line":136,"column":6},"end":{"line":138,"column":7}},"type":"if","locations":[{"start":{"line":136,"column":6},"end":{"line":138,"column":7}},{"start":{"line":136,"column":6},"end":{"line":138,"column":7}}],"line":136}},"s":{"0":1,"1":1,"2":1,"3":1,"4":2,"5":2,"6":2,"7":2,"8":2,"9":2,"10":2,"11":1,"12":2,"13":1,"14":2,"15":1,"16":2,"17":1,"18":2,"19":1,"20":2,"21":2,"22":1,"23":1,"24":0,"25":9,"26":9,"27":1,"28":8,"29":0,"30":4,"31":4,"32":4,"33":2,"34":2,"35":2,"36":2,"37":2,"38":2,"39":2,"40":1,"41":2,"42":1,"43":2,"44":1,"45":2,"46":1,"47":2,"48":1,"49":2,"50":1,"51":1,"52":0,"53":3,"54":3,"55":3,"56":3,"57":0,"58":3,"59":3,"60":1,"61":2,"62":2,"63":1,"64":2,"65":1,"66":1,"67":0,"68":1},"f":{"0":2,"1":9,"2":4,"3":3},"b":{"0":[2,0],"1":[2,0],"2":[2,0],"3":[2,0],"4":[1,1],"5":[1,1],"6":[1,1],"7":[1,1],"8":[1,1],"9":[1,1],"10":[1,8],"11":[2,2],"12":[2,0],"13":[2,0],"14":[2,0],"15":[2,0],"16":[1,1],"17":[1,1],"18":[1,1],"19":[1,1],"20":[1,1],"21":[1,1],"22":[3,0],"23":[0,3],"24":[1,2],"25":[1,1],"26":[1,1]},"_coverageSchema":"1a1c01bbd47fc00a2c39e90264f33305004495a9","hash":"bf087053bf3154d802466be0d73f449703ce8956"}
,"/home/maomao/Desktop/Coding/1_NewSteps/tech_assessment/solo_assessment/models/history.js": {"path":"/home/maomao/Desktop/Coding/1_NewSteps/tech_assessment/solo_assessment/models/history.js","statementMap":{"0":{"start":{"line":1,"column":17},"end":{"line":1,"column":36}},"1":{"start":{"line":3,"column":22},"end":{"line":32,"column":1}},"2":{"start":{"line":34,"column":0},"end":{"line":34,"column":58}}},"fnMap":{},"branchMap":{},"s":{"0":1,"1":1,"2":1},"f":{},"b":{},"_coverageSchema":"1a1c01bbd47fc00a2c39e90264f33305004495a9","hash":"09df7b99d54086f21610e054caeeb0615f6e4813"}
,"/home/maomao/Desktop/Coding/1_NewSteps/tech_assessment/solo_assessment/models/index.js": {"path":"/home/maomao/Desktop/Coding/1_NewSteps/tech_assessment/solo_assessment/models/index.js","statementMap":{"0":{"start":{"line":1,"column":0},"end":{"line":3,"column":3}},"1":{"start":{"line":5,"column":17},"end":{"line":5,"column":36}},"2":{"start":{"line":6,"column":12},"end":{"line":12,"column":35}},"3":{"start":{"line":11,"column":14},"end":{"line":11,"column":47}},"4":{"start":{"line":12,"column":18},"end":{"line":12,"column":34}},"5":{"start":{"line":14,"column":0},"end":{"line":14,"column":33}},"6":{"start":{"line":15,"column":0},"end":{"line":15,"column":39}}},"fnMap":{"0":{"name":"(anonymous_0)","decl":{"start":{"line":11,"column":8},"end":{"line":11,"column":9}},"loc":{"start":{"line":11,"column":14},"end":{"line":11,"column":47}},"line":11},"1":{"name":"(anonymous_1)","decl":{"start":{"line":12,"column":9},"end":{"line":12,"column":10}},"loc":{"start":{"line":12,"column":18},"end":{"line":12,"column":34}},"line":12}},"branchMap":{},"s":{"0":1,"1":1,"2":1,"3":1,"4":0,"5":1,"6":1},"f":{"0":1,"1":0},"b":{},"_coverageSchema":"1a1c01bbd47fc00a2c39e90264f33305004495a9","hash":"83a752295fe06b92aff6d45543b4c5bdbcbb0413"}
,"/home/maomao/Desktop/Coding/1_NewSteps/tech_assessment/solo_assessment/models/item.js": {"path":"/home/maomao/Desktop/Coding/1_NewSteps/tech_assessment/solo_assessment/models/item.js","statementMap":{"0":{"start":{"line":1,"column":17},"end":{"line":1,"column":36}},"1":{"start":{"line":3,"column":19},"end":{"line":39,"column":1}},"2":{"start":{"line":41,"column":0},"end":{"line":60,"column":2}},"3":{"start":{"line":42,"column":2},"end":{"line":59,"column":3}},"4":{"start":{"line":44,"column":4},"end":{"line":46,"column":5}},"5":{"start":{"line":45,"column":6},"end":{"line":45,"column":13}},"6":{"start":{"line":48,"column":23},"end":{"line":53,"column":6}},"7":{"start":{"line":55,"column":4},"end":{"line":55,"column":36}},"8":{"start":{"line":56,"column":4},"end":{"line":56,"column":22}},"9":{"start":{"line":58,"column":4},"end":{"line":58,"column":16}},"10":{"start":{"line":62,"column":0},"end":{"line":65,"column":3}},"11":{"start":{"line":64,"column":2},"end":{"line":64,"column":42}},"12":{"start":{"line":67,"column":0},"end":{"line":67,"column":52}}},"fnMap":{"0":{"name":"(anonymous_0)","decl":{"start":{"line":41,"column":40},"end":{"line":41,"column":41}},"loc":{"start":{"line":41,"column":62},"end":{"line":60,"column":1}},"line":41},"1":{"name":"(anonymous_1)","decl":{"start":{"line":62,"column":36},"end":{"line":62,"column":37}},"loc":{"start":{"line":62,"column":51},"end":{"line":65,"column":1}},"line":62}},"branchMap":{"0":{"loc":{"start":{"line":44,"column":4},"end":{"line":46,"column":5}},"type":"if","locations":[{"start":{"line":44,"column":4},"end":{"line":46,"column":5}},{"start":{"line":44,"column":4},"end":{"line":46,"column":5}}],"line":44}},"s":{"0":1,"1":1,"2":1,"3":2,"4":2,"5":0,"6":2,"7":2,"8":2,"9":0,"10":1,"11":2,"12":1},"f":{"0":2,"1":2},"b":{"0":[0,2]},"_coverageSchema":"1a1c01bbd47fc00a2c39e90264f33305004495a9","hash":"838ecbff72c9ebc01d627a3ba76b760c875fca71"}
,"/home/maomao/Desktop/Coding/1_NewSteps/tech_assessment/solo_assessment/routes/items.js": {"path":"/home/maomao/Desktop/Coding/1_NewSteps/tech_assessment/solo_assessment/routes/items.js","statementMap":{"0":{"start":{"line":1,"column":16},"end":{"line":1,"column":34}},"1":{"start":{"line":2,"column":15},"end":{"line":2,"column":31}},"2":{"start":{"line":6,"column":23},"end":{"line":6,"column":54}},"3":{"start":{"line":7,"column":26},"end":{"line":7,"column":59}},"4":{"start":{"line":11,"column":22},"end":{"line":11,"column":64}},"5":{"start":{"line":15,"column":0},"end":{"line":15,"column":41}},"6":{"start":{"line":16,"column":0},"end":{"line":16,"column":72}},"7":{"start":{"line":18,"column":0},"end":{"line":18,"column":66}},"8":{"start":{"line":20,"column":0},"end":{"line":20,"column":68}},"9":{"start":{"line":21,"column":0},"end":{"line":26,"column":2}},"10":{"start":{"line":28,"column":0},"end":{"line":28,"column":68}},"11":{"start":{"line":30,"column":0},"end":{"line":30,"column":55}},"12":{"start":{"line":31,"column":0},"end":{"line":31,"column":78}},"13":{"start":{"line":34,"column":0},"end":{"line":34,"column":24}}},"fnMap":{},"branchMap":{},"s":{"0":1,"1":1,"2":1,"3":1,"4":1,"5":1,"6":1,"7":1,"8":1,"9":1,"10":1,"11":1,"12":1,"13":1},"f":{},"b":{},"_coverageSchema":"1a1c01bbd47fc00a2c39e90264f33305004495a9","hash":"6cc7aed17bea9a6ddd0a19157b664d51a6da07c3"}
,"/home/maomao/Desktop/Coding/1_NewSteps/tech_assessment/solo_assessment/seeders/index.js": {"path":"/home/maomao/Desktop/Coding/1_NewSteps/tech_assessment/solo_assessment/seeders/index.js","statementMap":{"0":{"start":{"line":1,"column":26},"end":{"line":1,"column":46}},"1":{"start":{"line":2,"column":14},"end":{"line":2,"column":30}},"2":{"start":{"line":3,"column":21},"end":{"line":3,"column":59}},"3":{"start":{"line":6,"column":2},"end":{"line":15,"column":3}},"4":{"start":{"line":6,"column":15},"end":{"line":6,"column":16}},"5":{"start":{"line":7,"column":21},"end":{"line":7,"column":56}},"6":{"start":{"line":8,"column":4},"end":{"line":14,"column":7}},"7":{"start":{"line":19,"column":2},"end":{"line":19,"column":22}},"8":{"start":{"line":20,"column":2},"end":{"line":20,"column":25}},"9":{"start":{"line":23,"column":0},"end":{"line":33,"column":1}},"10":{"start":{"line":24,"column":2},"end":{"line":27,"column":5}},"11":{"start":{"line":25,"column":4},"end":{"line":25,"column":35}},"12":{"start":{"line":26,"column":4},"end":{"line":26,"column":20}},"13":{"start":{"line":28,"column":7},"end":{"line":33,"column":1}},"14":{"start":{"line":29,"column":2},"end":{"line":32,"column":5}},"15":{"start":{"line":30,"column":4},"end":{"line":30,"column":39}},"16":{"start":{"line":31,"column":4},"end":{"line":31,"column":20}},"17":{"start":{"line":35,"column":0},"end":{"line":35,"column":33}}},"fnMap":{"0":{"name":"add","decl":{"start":{"line":5,"column":15},"end":{"line":5,"column":18}},"loc":{"start":{"line":5,"column":21},"end":{"line":16,"column":1}},"line":5},"1":{"name":"remove","decl":{"start":{"line":18,"column":15},"end":{"line":18,"column":21}},"loc":{"start":{"line":18,"column":24},"end":{"line":21,"column":1}},"line":18},"2":{"name":"(anonymous_2)","decl":{"start":{"line":24,"column":13},"end":{"line":24,"column":14}},"loc":{"start":{"line":24,"column":19},"end":{"line":27,"column":3}},"line":24},"3":{"name":"(anonymous_3)","decl":{"start":{"line":29,"column":16},"end":{"line":29,"column":17}},"loc":{"start":{"line":29,"column":22},"end":{"line":32,"column":3}},"line":29}},"branchMap":{"0":{"loc":{"start":{"line":23,"column":0},"end":{"line":33,"column":1}},"type":"if","locations":[{"start":{"line":23,"column":0},"end":{"line":33,"column":1}},{"start":{"line":23,"column":0},"end":{"line":33,"column":1}}],"line":23},"1":{"loc":{"start":{"line":28,"column":7},"end":{"line":33,"column":1}},"type":"if","locations":[{"start":{"line":28,"column":7},"end":{"line":33,"column":1}},{"start":{"line":28,"column":7},"end":{"line":33,"column":1}}],"line":28}},"s":{"0":1,"1":1,"2":1,"3":1,"4":1,"5":30,"6":30,"7":1,"8":1,"9":1,"10":0,"11":0,"12":0,"13":1,"14":0,"15":0,"16":0,"17":1},"f":{"0":1,"1":1,"2":0,"3":0},"b":{"0":[0,1],"1":[0,1]},"_coverageSchema":"1a1c01bbd47fc00a2c39e90264f33305004495a9","hash":"acb7d0962e80b273940063a932043f27bc77c186"}
}
