TN:
SF:app.js
FN:76,(anonymous_0)
FN:95,(anonymous_1)
FNF:2
FNH:1
FNDA:1,(anonymous_0)
FNDA:0,(anonymous_1)
DA:3,1
DA:6,1
DA:7,1
DA:8,1
DA:9,1
DA:10,1
DA:11,1
DA:12,1
DA:13,1
DA:14,1
DA:15,1
DA:16,1
DA:19,1
DA:22,1
DA:25,1
DA:28,1
DA:33,1
DA:36,1
DA:42,1
DA:43,1
DA:46,0
DA:54,0
DA:58,1
DA:62,1
DA:66,1
DA:67,1
DA:70,1
DA:74,1
DA:76,1
DA:77,1
DA:78,1
DA:83,0
DA:89,1
DA:93,1
DA:94,0
DA:95,0
DA:98,1
LF:37
LH:32
BRDA:42,0,0,1
BRDA:42,0,1,0
BRDA:42,1,0,1
BRDA:42,1,1,1
BRDA:93,2,0,0
BRDA:93,2,1,1
BRDA:94,3,0,0
BRDA:94,3,1,0
BRF:8
BRH:4
end_of_record
TN:
SF:controllers/history.js
FN:4,(anonymous_0)
FNF:1
FNH:1
FNDA:4,(anonymous_0)
DA:1,1
DA:5,4
DA:7,4
DA:8,4
DA:10,4
DA:18,4
DA:21,4
DA:22,4
DA:25,4
DA:26,4
DA:27,4
DA:29,4
DA:35,4
DA:37,4
DA:38,1
DA:41,3
DA:43,0
DA:48,1
LF:18
LH:17
BRDA:7,0,0,4
BRDA:7,0,1,4
BRDA:8,1,0,4
BRDA:8,1,1,4
BRDA:18,2,0,1
BRDA:18,2,1,3
BRDA:21,3,0,4
BRDA:21,3,1,3
BRDA:22,4,0,4
BRDA:22,4,1,4
BRDA:26,5,0,4
BRDA:26,5,1,2
BRDA:27,6,0,2
BRDA:27,6,1,2
BRDA:37,7,0,1
BRDA:37,7,1,3
BRF:16
BRH:16
end_of_record
TN:
SF:controllers/items.js
FN:4,(anonymous_0)
FN:49,(anonymous_1)
FN:63,(anonymous_2)
FN:77,(anonymous_3)
FN:91,(anonymous_4)
FN:103,(anonymous_5)
FNF:6
FNH:6
FNDA:3,(anonymous_0)
FNDA:2,(anonymous_1)
FNDA:1,(anonymous_2)
FNDA:1,(anonymous_3)
FNDA:1,(anonymous_4)
FNDA:2,(anonymous_5)
DA:1,1
DA:5,3
DA:7,3
DA:8,3
DA:11,3
DA:12,3
DA:14,3
DA:20,3
DA:23,3
DA:24,3
DA:27,3
DA:28,3
DA:29,3
DA:32,3
DA:37,3
DA:39,3
DA:40,1
DA:43,2
DA:45,0
DA:50,2
DA:51,2
DA:53,2
DA:54,1
DA:57,1
DA:59,0
DA:64,1
DA:65,1
DA:67,1
DA:71,1
DA:73,0
DA:78,1
DA:79,1
DA:85,1
DA:87,0
DA:92,1
DA:93,1
DA:99,1
DA:104,2
DA:105,2
DA:107,2
DA:108,1
DA:111,1
DA:113,0
DA:118,1
LF:44
LH:39
BRDA:7,0,0,3
BRDA:7,0,1,1
BRDA:8,1,0,3
BRDA:8,1,1,1
BRDA:11,2,0,3
BRDA:11,2,1,1
BRDA:12,3,0,3
BRDA:12,3,1,1
BRDA:20,4,0,2
BRDA:20,4,1,1
BRDA:23,5,0,3
BRDA:23,5,1,1
BRDA:24,6,0,3
BRDA:24,6,1,1
BRDA:28,7,0,3
BRDA:28,7,1,1
BRDA:29,8,0,2
BRDA:29,8,1,1
BRDA:39,9,0,1
BRDA:39,9,1,2
BRDA:53,10,0,1
BRDA:53,10,1,1
BRDA:107,11,0,1
BRDA:107,11,1,1
BRF:24
BRH:24
end_of_record
TN:
SF:middlewares/errorHandler/errorHandler.js
FN:1,(anonymous_0)
FNF:1
FNH:1
FNDA:12,(anonymous_0)
DA:1,1
DA:2,12
LF:2
LH:2
BRDA:2,0,0,12
BRDA:2,0,1,0
BRDA:3,1,0,12
BRDA:3,1,1,8
BRF:4
BRH:3
end_of_record
TN:
SF:middlewares/validators/items.js
FN:7,(anonymous_0)
FN:56,(anonymous_1)
FN:68,(anonymous_2)
FN:114,(anonymous_3)
FNF:4
FNH:4
FNDA:2,(anonymous_0)
FNDA:9,(anonymous_1)
FNDA:4,(anonymous_2)
FNDA:3,(anonymous_3)
DA:1,1
DA:2,1
DA:3,1
DA:4,1
DA:8,2
DA:11,2
DA:12,2
DA:13,2
DA:14,2
DA:16,2
DA:18,2
DA:19,1
DA:22,2
DA:27,1
DA:30,2
DA:31,1
DA:34,2
DA:35,1
DA:38,2
DA:39,1
DA:45,2
DA:47,2
DA:48,1
DA:50,1
DA:52,0
DA:57,9
DA:58,9
DA:59,1
DA:62,8
DA:64,0
DA:69,4
DA:70,4
DA:71,4
DA:72,2
DA:74,2
DA:75,2
DA:76,2
DA:77,2
DA:79,2
DA:81,2
DA:82,1
DA:85,2
DA:90,1
DA:93,2
DA:94,1
DA:97,2
DA:98,1
DA:101,2
DA:102,1
DA:105,2
DA:106,1
DA:108,1
DA:110,0
DA:115,3
DA:116,3
DA:118,3
DA:120,3
DA:121,0
DA:124,3
DA:125,3
DA:126,1
DA:129,2
DA:132,2
DA:133,1
DA:136,2
DA:137,1
DA:140,1
DA:142,0
DA:147,1
LF:69
LH:64
BRDA:11,0,0,2
BRDA:11,0,1,0
BRDA:12,1,0,2
BRDA:12,1,1,0
BRDA:13,2,0,2
BRDA:13,2,1,0
BRDA:14,3,0,2
BRDA:14,3,1,0
BRDA:18,4,0,1
BRDA:18,4,1,1
BRDA:22,5,0,1
BRDA:22,5,1,1
BRDA:30,6,0,1
BRDA:30,6,1,1
BRDA:34,7,0,1
BRDA:34,7,1,1
BRDA:38,8,0,1
BRDA:38,8,1,1
BRDA:47,9,0,1
BRDA:47,9,1,1
BRDA:58,10,0,1
BRDA:58,10,1,8
BRDA:71,11,0,2
BRDA:71,11,1,2
BRDA:74,12,0,2
BRDA:74,12,1,0
BRDA:75,13,0,2
BRDA:75,13,1,0
BRDA:76,14,0,2
BRDA:76,14,1,0
BRDA:77,15,0,2
BRDA:77,15,1,0
BRDA:81,16,0,1
BRDA:81,16,1,1
BRDA:85,17,0,1
BRDA:85,17,1,1
BRDA:93,18,0,1
BRDA:93,18,1,1
BRDA:97,19,0,1
BRDA:97,19,1,1
BRDA:101,20,0,1
BRDA:101,20,1,1
BRDA:105,21,0,1
BRDA:105,21,1,1
BRDA:116,22,0,3
BRDA:116,22,1,0
BRDA:120,23,0,0
BRDA:120,23,1,3
BRDA:125,24,0,1
BRDA:125,24,1,2
BRDA:132,25,0,1
BRDA:132,25,1,1
BRDA:136,26,0,1
BRDA:136,26,1,1
BRF:54
BRH:44
end_of_record
TN:
SF:models/history.js
FNF:0
FNH:0
DA:1,1
DA:3,1
DA:34,1
LF:3
LH:3
BRF:0
BRH:0
end_of_record
TN:
SF:models/index.js
FN:11,(anonymous_0)
FN:12,(anonymous_1)
FNF:2
FNH:1
FNDA:1,(anonymous_0)
FNDA:0,(anonymous_1)
DA:1,1
DA:5,1
DA:6,1
DA:11,1
DA:12,0
DA:14,1
DA:15,1
LF:7
LH:6
BRF:0
BRH:0
end_of_record
TN:
SF:models/item.js
FN:41,(anonymous_0)
FN:62,(anonymous_1)
FNF:2
FNH:2
FNDA:2,(anonymous_0)
FNDA:2,(anonymous_1)
DA:1,1
DA:3,1
DA:41,1
DA:42,2
DA:44,2
DA:45,0
DA:48,2
DA:55,2
DA:56,2
DA:58,0
DA:62,1
DA:64,2
DA:67,1
LF:13
LH:11
BRDA:44,0,0,0
BRDA:44,0,1,2
BRF:2
BRH:1
end_of_record
TN:
SF:routes/items.js
FNF:0
FNH:0
DA:1,1
DA:2,1
DA:6,1
DA:7,1
DA:11,1
DA:15,1
DA:16,1
DA:18,1
DA:20,1
DA:21,1
DA:28,1
DA:30,1
DA:31,1
DA:34,1
LF:14
LH:14
BRF:0
BRH:0
end_of_record
TN:
SF:seeders/index.js
FN:5,add
FN:18,remove
FN:24,(anonymous_2)
FN:29,(anonymous_3)
FNF:4
FNH:2
FNDA:1,add
FNDA:1,remove
FNDA:0,(anonymous_2)
FNDA:0,(anonymous_3)
DA:1,1
DA:2,1
DA:3,1
DA:6,1
DA:7,30
DA:8,30
DA:19,1
DA:20,1
DA:23,1
DA:24,0
DA:25,0
DA:26,0
DA:28,1
DA:29,0
DA:30,0
DA:31,0
DA:35,1
LF:17
LH:11
BRDA:23,0,0,0
BRDA:23,0,1,1
BRDA:28,1,0,0
BRDA:28,1,1,1
BRF:4
BRH:2
end_of_record
